<?xml version="1.0" encoding="UTF-8"?>
<testsuite name="List page functionality" tests="2" skipped="0" failures="0" errors="0" timestamp="2022-12-09T19:58:08" hostname="LAPTOP-MAPMQR66" time="4.337">
  <properties/>
  <testcase name="As a Test Engineer, I want to validate that a text is present inside the list." classname="List page functionality" time="3.452"/>
  <testcase name="As a Test Engineer, I want to validate that a text is present inside the list." classname="List page functionality" time="0.885"/>
  <system-out><![CDATA[The text is on the list: PASSED.
The text is on the list: PASSED.
]]></system-out>
  <system-err><![CDATA[Starting ChromeDriver 108.0.5359.71 (1e0e3868ee06e91ad636a874420e3ca3ae3756ac-refs/branch-heads/5359@{#1016}) on port 47178
Only local connections are allowed.
Please see https://chromedriver.chromium.org/security-considerations for suggestions on keeping ChromeDriver safe.
ChromeDriver was started successfully.
Dec 09, 2022 4:58:10 PM org.openqa.selenium.remote.ProtocolHandshake createSession
INFO: Detected dialect: W3C
]]></system-err>
</testsuite>
