<?xml version="1.0" encoding="UTF-8"?>
<testsuite name="runner.Runner" tests="0" skipped="0" failures="0" errors="0" timestamp="1970-01-01T00:00:00" hostname="LAPTOP-MAPMQR66" time="0.0">
  <properties/>
  <system-out><![CDATA[
2 Scenarios (2 passed)
6 Steps (6 passed)
0m4,423s

]]></system-out>
  <system-err><![CDATA[]]></system-err>
</testsuite>
